2019-05-23 18:22:31,967 test_activity.py[line:29] INFO ************************** 消费培育活动 **************************
2019-05-23 18:22:31,967 public.py[line:22] INFO --------------------------------------> open_wechat_ccloud |
2019-05-23 18:22:48,516 public.py[line:80] INFO ---------------------------------------> enter_user_center |
2019-05-23 18:22:49,593 activity.py[line:123] INFO ------------------------------------> choose_activity_type |
2019-05-23 18:22:55,236 activity.py[line:146] INFO --------------------------------------> cultivate_activity |
2019-05-23 18:22:55,236 activity.py[line:20] INFO -----------------------------------------> choose_activity |
2019-05-23 18:22:58,002 activity.py[line:30] INFO ------------------------------------------> choose_expense |
2019-05-23 18:23:01,960 activity.py[line:40] INFO ---------------------------------------------> present_num |
2019-05-23 18:23:05,034 activity.py[line:60] INFO -------------------------------------------> present_money |
2019-05-23 18:23:07,537 public.py[line:121] INFO ----------------------------------------------> take_photo |
2019-05-23 18:23:39,284 activity.py[line:84] INFO --------------------------------------> submit_and_confirm |
2019-05-23 18:23:44,456 myunit.py[line:20] INFO ************************** 用例执行完毕 **************************

2019-05-23 18:24:01,215 test_activity.py[line:61] INFO ************************ 消费培育活动-补录 *************************
2019-05-23 18:24:01,216 public.py[line:22] INFO --------------------------------------> open_wechat_ccloud |
2019-05-23 18:24:11,707 public.py[line:80] INFO ---------------------------------------> enter_user_center |
2019-05-23 18:24:12,688 activity.py[line:133] INFO -------------------------> choose_activity_supplement_type |
2019-05-23 18:24:15,928 activity.py[line:206] INFO ---------------------------> cultivate_activity_supplement |
2019-05-23 18:24:15,928 activity.py[line:20] INFO -----------------------------------------> choose_activity |
2019-05-23 18:24:18,758 activity.py[line:30] INFO ------------------------------------------> choose_expense |
2019-05-23 18:24:22,322 activity.py[line:40] INFO ---------------------------------------------> present_num |
2019-05-23 18:24:25,210 activity.py[line:60] INFO -------------------------------------------> present_money |
2019-05-23 18:24:27,600 public.py[line:141] INFO --------------------------------------------> upload_photo |
2019-05-23 18:25:07,387 activity.py[line:84] INFO --------------------------------------> submit_and_confirm |
2019-05-23 18:25:14,610 myunit.py[line:20] INFO ************************** 用例执行完毕 **************************

2019-05-23 18:25:30,420 test_activity.py[line:51] INFO ************************** 宴席推广活动 **************************
2019-05-23 18:25:30,420 public.py[line:22] INFO --------------------------------------> open_wechat_ccloud |
2019-05-23 18:25:41,079 public.py[line:80] INFO ---------------------------------------> enter_user_center |
2019-05-23 18:25:41,923 activity.py[line:123] INFO ------------------------------------> choose_activity_type |
2019-05-23 18:25:47,362 activity.py[line:181] INFO ------------------------------------------> feast_activity |
2019-05-23 18:25:49,575 activity.py[line:20] INFO -----------------------------------------> choose_activity |
2019-05-23 18:25:52,171 activity.py[line:30] INFO ------------------------------------------> choose_expense |
2019-05-23 18:25:55,915 activity.py[line:40] INFO ---------------------------------------------> present_num |
2019-05-23 18:25:59,066 activity.py[line:60] INFO -------------------------------------------> present_money |
2019-05-23 18:26:01,857 public.py[line:121] INFO ----------------------------------------------> take_photo |
2019-05-23 18:26:18,289 activity.py[line:84] INFO --------------------------------------> submit_and_confirm |
2019-05-23 18:26:23,513 myunit.py[line:20] INFO ************************** 用例执行完毕 **************************

2019-05-23 18:26:39,542 test_activity.py[line:79] INFO ************************ 宴席推广活动-补录 *************************
2019-05-23 18:26:39,543 public.py[line:22] INFO --------------------------------------> open_wechat_ccloud |
2019-05-23 18:26:49,957 public.py[line:80] INFO ---------------------------------------> enter_user_center |
2019-05-23 18:26:50,983 activity.py[line:133] INFO -------------------------> choose_activity_supplement_type |
2019-05-23 18:26:54,171 activity.py[line:242] INFO -------------------------------> feast_activity_supplement |
2019-05-23 18:26:56,467 activity.py[line:20] INFO -----------------------------------------> choose_activity |
2019-05-23 18:26:59,088 activity.py[line:30] INFO ------------------------------------------> choose_expense |
2019-05-23 18:27:02,738 activity.py[line:40] INFO ---------------------------------------------> present_num |
2019-05-23 18:27:05,758 activity.py[line:60] INFO -------------------------------------------> present_money |
2019-05-23 18:27:08,638 public.py[line:141] INFO --------------------------------------------> upload_photo |
2019-05-23 18:27:29,329 activity.py[line:84] INFO --------------------------------------> submit_and_confirm |
2019-05-23 18:27:36,521 myunit.py[line:20] INFO ************************** 用例执行完毕 **************************

2019-05-23 18:27:52,591 test_activity.py[line:40] INFO ************************** 团购直销活动 **************************
2019-05-23 18:27:52,591 public.py[line:22] INFO --------------------------------------> open_wechat_ccloud |
2019-05-23 18:28:03,189 public.py[line:80] INFO ---------------------------------------> enter_user_center |
2019-05-23 18:28:04,036 activity.py[line:123] INFO ------------------------------------> choose_activity_type |
2019-05-23 18:28:09,289 activity.py[line:164] INFO ----------------------------------------> groupon_activity |
2019-05-23 18:28:09,289 activity.py[line:20] INFO -----------------------------------------> choose_activity |
2019-05-23 18:28:11,966 activity.py[line:30] INFO ------------------------------------------> choose_expense |
2019-05-23 18:28:15,206 activity.py[line:40] INFO ---------------------------------------------> present_num |
2019-05-23 18:28:18,098 activity.py[line:60] INFO -------------------------------------------> present_money |
2019-05-23 18:28:21,030 public.py[line:121] INFO ----------------------------------------------> take_photo |
2019-05-23 18:28:53,264 activity.py[line:84] INFO --------------------------------------> submit_and_confirm |
2019-05-23 18:28:58,428 myunit.py[line:20] INFO ************************** 用例执行完毕 **************************

2019-05-23 18:29:14,298 test_activity.py[line:70] INFO ************************ 团购直销活动-补录 *************************
2019-05-23 18:29:14,299 public.py[line:22] INFO --------------------------------------> open_wechat_ccloud |
2019-05-23 18:29:24,795 public.py[line:80] INFO ---------------------------------------> enter_user_center |
2019-05-23 18:29:25,740 activity.py[line:133] INFO -------------------------> choose_activity_supplement_type |
2019-05-23 18:29:28,909 activity.py[line:224] INFO -----------------------------> groupon_activity_supplement |
2019-05-23 18:29:28,909 activity.py[line:20] INFO -----------------------------------------> choose_activity |
2019-05-23 18:29:31,729 activity.py[line:30] INFO ------------------------------------------> choose_expense |
2019-05-23 18:29:35,127 activity.py[line:40] INFO ---------------------------------------------> present_num |
2019-05-23 18:29:38,032 activity.py[line:60] INFO -------------------------------------------> present_money |
2019-05-23 18:29:40,962 public.py[line:141] INFO --------------------------------------------> upload_photo |
2019-05-23 18:30:18,831 activity.py[line:84] INFO --------------------------------------> submit_and_confirm |
2019-05-23 18:30:26,030 myunit.py[line:20] INFO ************************** 用例执行完毕 **************************

2019-05-23 18:30:42,105 test_activity.py[line:19] INFO ************************** 活动快捷执行 **************************
2019-05-23 18:30:42,105 public.py[line:22] INFO --------------------------------------> open_wechat_ccloud |
2019-05-23 18:30:53,529 public.py[line:88] INFO ------------------------------------> enter_customer_visit |
2019-05-23 18:31:06,051 activity.py[line:20] INFO -----------------------------------------> choose_activity |
2019-05-23 18:31:09,180 activity.py[line:30] INFO ------------------------------------------> choose_expense |
2019-05-23 18:31:11,590 activity.py[line:40] INFO ---------------------------------------------> present_num |
2019-05-23 18:31:14,665 activity.py[line:60] INFO -------------------------------------------> present_money |
2019-05-23 18:31:17,994 public.py[line:121] INFO ----------------------------------------------> take_photo |
2019-05-23 18:31:50,700 activity.py[line:84] INFO --------------------------------------> submit_and_confirm |
2019-05-23 18:31:56,991 myunit.py[line:20] INFO ************************** 用例执行完毕 **************************

2019-05-23 18:32:13,906 test_customer.py[line:19] INFO ************************* 新增客户-带照片 *************************
2019-05-23 18:32:13,906 public.py[line:22] INFO --------------------------------------> open_wechat_ccloud |
2019-05-23 18:32:24,630 customer.py[line:20] INFO --------------------------------------------> new_customer |
2019-05-23 18:32:42,890 public.py[line:66] INFO ----------------------------------------> return_home_page |
2019-05-23 18:32:47,311 myunit.py[line:20] INFO ************************** 用例执行完毕 **************************

2019-05-23 18:33:03,666 test_customer.py[line:28] INFO ************************ 新增客户-不带照片 *************************
2019-05-23 18:33:03,667 public.py[line:22] INFO --------------------------------------> open_wechat_ccloud |
2019-05-23 18:33:14,770 customer.py[line:20] INFO --------------------------------------------> new_customer |
2019-05-23 18:33:26,028 public.py[line:66] INFO ----------------------------------------> return_home_page |
2019-05-23 18:33:30,355 myunit.py[line:20] INFO ************************** 用例执行完毕 **************************

2019-05-23 18:33:45,196 test_customer.py[line:37] INFO *************************** 常规拜访 ***************************
2019-05-23 18:33:45,196 public.py[line:22] INFO --------------------------------------> open_wechat_ccloud |
2019-05-23 18:33:55,606 public.py[line:88] INFO ------------------------------------> enter_customer_visit |
2019-05-23 18:34:06,391 customer.py[line:75] INFO ------------------------------------------> customer_visit |
2019-05-23 18:34:08,461 public.py[line:121] INFO ----------------------------------------------> take_photo |
2019-05-23 18:34:37,587 public.py[line:66] INFO ----------------------------------------> return_home_page |
2019-05-23 18:34:44,911 myunit.py[line:20] INFO ************************** 用例执行完毕 **************************

2019-05-23 18:35:01,077 test_customer.py[line:46] INFO ************************* 常规拜访-补录 **************************
2019-05-23 18:35:01,077 public.py[line:22] INFO --------------------------------------> open_wechat_ccloud |
2019-05-23 18:35:11,457 public.py[line:88] INFO ------------------------------------> enter_customer_visit |
2019-05-23 18:35:21,230 customer.py[line:89] INFO --------------------------------> customer_visit_replenish |
2019-05-23 18:35:23,334 public.py[line:141] INFO --------------------------------------------> upload_photo |
2019-05-23 18:36:08,030 public.py[line:66] INFO ----------------------------------------> return_home_page |
2019-05-23 18:36:15,155 myunit.py[line:20] INFO ************************** 用例执行完毕 **************************

2019-05-23 18:36:31,454 test_order.py[line:19] INFO ******************** 添加商品 ********************
2019-05-23 18:36:31,454 public.py[line:22] INFO --------------------------------------> open_wechat_ccloud |
2019-05-23 18:36:48,133 order.py[line:19] INFO --------------------------------------> enter_normal_order |
2019-05-23 18:36:49,479 order.py[line:33] INFO ---------------------------------------------> add_product |
2019-05-23 18:37:00,723 myunit.py[line:20] INFO ************************** 用例执行完毕 **************************

2019-05-23 18:37:16,652 test_order.py[line:27] INFO ******************** 清空购物车 ********************
2019-05-23 18:37:16,652 public.py[line:22] INFO --------------------------------------> open_wechat_ccloud |
2019-05-23 18:37:27,327 order.py[line:19] INFO --------------------------------------> enter_normal_order |
2019-05-23 18:37:28,617 order.py[line:55] INFO ----------------------------------------------> empty_cart |
2019-05-23 18:37:32,570 order.py[line:33] INFO ---------------------------------------------> add_product |
2019-05-23 18:37:43,787 order.py[line:55] INFO ----------------------------------------------> empty_cart |
2019-05-23 18:37:49,811 myunit.py[line:20] INFO ************************** 用例执行完毕 **************************

2019-05-23 18:38:05,933 test_order.py[line:90] INFO ********************** 聚合订单-赠品单-单一商品 ***********************
2019-05-23 18:38:05,933 public.py[line:22] INFO --------------------------------------> open_wechat_ccloud |
2019-05-23 18:38:16,213 public.py[line:88] INFO ------------------------------------> enter_customer_visit |
2019-05-23 18:38:26,792 order.py[line:117] INFO --------------------------------------> enter_mashup_order |
2019-05-23 18:38:28,483 order.py[line:33] INFO ---------------------------------------------> add_product |
2019-05-23 18:38:34,090 order.py[line:124] INFO --------------------------------------------> mashup_order |
2019-05-23 18:38:34,591 order.py[line:71] INFO ------------------------------------------------> add_gift |
2019-05-23 18:38:41,712 myunit.py[line:20] INFO ************************** 用例执行完毕 **************************

2019-05-23 18:38:57,700 test_order.py[line:80] INFO ************************ 聚合订单-单一商品 *************************
2019-05-23 18:38:57,700 public.py[line:22] INFO --------------------------------------> open_wechat_ccloud |
2019-05-23 18:39:14,202 public.py[line:88] INFO ------------------------------------> enter_customer_visit |
2019-05-23 18:39:23,650 order.py[line:117] INFO --------------------------------------> enter_mashup_order |
2019-05-23 18:39:25,410 order.py[line:33] INFO ---------------------------------------------> add_product |
2019-05-23 18:39:31,920 order.py[line:124] INFO --------------------------------------------> mashup_order |
2019-05-23 18:39:38,839 myunit.py[line:20] INFO ************************** 用例执行完毕 **************************

2019-05-23 18:39:54,882 test_order.py[line:110] INFO ********************** 聚合订单-多种商品-含赠品 ***********************
2019-05-23 18:39:54,882 public.py[line:22] INFO --------------------------------------> open_wechat_ccloud |
2019-05-23 18:40:05,306 public.py[line:88] INFO ------------------------------------> enter_customer_visit |
2019-05-23 18:40:16,035 order.py[line:117] INFO --------------------------------------> enter_mashup_order |
2019-05-23 18:40:17,782 order.py[line:33] INFO ---------------------------------------------> add_product |
2019-05-23 18:40:32,014 order.py[line:124] INFO --------------------------------------------> mashup_order |
2019-05-23 18:40:32,515 order.py[line:71] INFO ------------------------------------------------> add_gift |
2019-05-23 18:40:39,528 myunit.py[line:20] INFO ************************** 用例执行完毕 **************************

2019-05-23 18:40:55,557 test_order.py[line:100] INFO ************************ 聚合订单-多种商品 *************************
2019-05-23 18:40:55,557 public.py[line:22] INFO --------------------------------------> open_wechat_ccloud |
2019-05-23 18:41:05,954 public.py[line:88] INFO ------------------------------------> enter_customer_visit |
2019-05-23 18:41:15,303 order.py[line:117] INFO --------------------------------------> enter_mashup_order |
2019-05-23 18:41:17,131 order.py[line:33] INFO ---------------------------------------------> add_product |
2019-05-23 18:41:31,828 order.py[line:124] INFO --------------------------------------------> mashup_order |
2019-05-23 18:41:39,211 myunit.py[line:20] INFO ************************** 用例执行完毕 **************************

2019-05-23 18:41:55,197 test_order.py[line:48] INFO ********************** 普通订单-赠品单-单一商品 ***********************
2019-05-23 18:41:55,197 public.py[line:22] INFO --------------------------------------> open_wechat_ccloud |
2019-05-23 18:42:05,931 order.py[line:19] INFO --------------------------------------> enter_normal_order |
2019-05-23 18:42:07,234 order.py[line:33] INFO ---------------------------------------------> add_product |
2019-05-23 18:42:12,106 order.py[line:85] INFO ---------------------------------------------> place_order |
2019-05-23 18:42:12,606 order.py[line:71] INFO ------------------------------------------------> add_gift |
2019-05-23 18:42:25,397 myunit.py[line:20] INFO ************************** 用例执行完毕 **************************

2019-05-23 18:42:41,304 test_order.py[line:37] INFO ************************ 普通订单-单一商品 *************************
2019-05-23 18:42:41,304 public.py[line:22] INFO --------------------------------------> open_wechat_ccloud |
2019-05-23 18:42:51,691 order.py[line:19] INFO --------------------------------------> enter_normal_order |
2019-05-23 18:42:53,076 order.py[line:33] INFO ---------------------------------------------> add_product |
2019-05-23 18:42:58,096 order.py[line:85] INFO ---------------------------------------------> place_order |
2019-05-23 18:43:07,789 myunit.py[line:20] INFO ************************** 用例执行完毕 **************************

2019-05-23 18:43:23,024 test_order.py[line:70] INFO ********************** 普通订单-多种商品-含赠品 ***********************
2019-05-23 18:43:23,025 public.py[line:22] INFO --------------------------------------> open_wechat_ccloud |
2019-05-23 18:43:33,789 order.py[line:19] INFO --------------------------------------> enter_normal_order |
2019-05-23 18:43:35,371 order.py[line:33] INFO ---------------------------------------------> add_product |
2019-05-23 18:43:47,188 order.py[line:85] INFO ---------------------------------------------> place_order |
2019-05-23 18:43:47,688 order.py[line:71] INFO ------------------------------------------------> add_gift |
2019-05-23 18:44:01,036 myunit.py[line:20] INFO ************************** 用例执行完毕 **************************

2019-05-23 18:44:17,094 test_order.py[line:59] INFO ************************ 普通订单-多种商品 *************************
2019-05-23 18:44:17,095 public.py[line:22] INFO --------------------------------------> open_wechat_ccloud |
2019-05-23 18:44:33,424 order.py[line:19] INFO --------------------------------------> enter_normal_order |
2019-05-23 18:44:34,697 order.py[line:33] INFO ---------------------------------------------> add_product |
2019-05-23 18:44:46,167 order.py[line:85] INFO ---------------------------------------------> place_order |
2019-05-23 18:44:58,188 myunit.py[line:20] INFO ************************** 用例执行完毕 **************************

2019-05-23 18:45:14,183 test_refund.py[line:29] INFO *************************** 自由退货 ***************************
2019-05-23 18:45:14,183 public.py[line:22] INFO --------------------------------------> open_wechat_ccloud |
2019-05-23 18:45:24,581 public.py[line:80] INFO ---------------------------------------> enter_user_center |
2019-05-23 18:45:26,383 refund.py[line:70] INFO ---------------------------------------------> free_refund |
2019-05-23 18:45:27,535 refund.py[line:28] INFO ---------------------------------------------> add_product |
2019-05-23 18:45:32,153 base.py[line:164] WARNING --------------------- error_screenshot ---------------------
2019-05-23 18:45:33,923 decorator.py[line:18] ERROR Message: element not visible
  (Session info: chrome=66.0.3359.126)
  (Driver info: chromedriver=2.39.562718 (9a2698cba08cf5a471a29d30c8b3e12becabb0e9),platform=Windows NT 10.0.17763 x86_64)

2019-05-23 18:45:33,924 myunit.py[line:20] INFO ************************** 用例执行完毕 **************************

2019-05-23 18:45:49,106 test_refund.py[line:19] INFO *************************** 订单退货 ***************************
2019-05-23 18:45:49,107 public.py[line:22] INFO --------------------------------------> open_wechat_ccloud |
2019-05-23 18:45:59,428 public.py[line:80] INFO ---------------------------------------> enter_user_center |
2019-05-23 18:46:01,302 refund.py[line:48] INFO --------------------------------------------> order_refund |
2019-05-23 18:46:04,436 myunit.py[line:20] INFO ************************** 用例执行完毕 **************************

2019-05-23 18:46:19,222 test_z_audit.py[line:61] INFO ************************* 活动审核-通过 **************************
2019-05-23 18:46:19,222 public.py[line:22] INFO --------------------------------------> open_wechat_ccloud |
2019-05-23 18:46:30,430 audit.py[line:105] INFO --------------------------------------------> audit_refuse |
2019-05-23 18:46:35,071 myunit.py[line:20] INFO ************************** 用例执行完毕 **************************

2019-05-23 18:46:49,613 test_z_audit.py[line:68] INFO ************************* 活动审核-拒绝 **************************
2019-05-23 18:46:49,613 public.py[line:22] INFO --------------------------------------> open_wechat_ccloud |
2019-05-23 18:47:03,068 audit.py[line:100] WARNING *********************** 活动审核列表为空 ***********************
2019-05-23 18:47:03,068 myunit.py[line:20] INFO ************************** 用例执行完毕 **************************

2019-05-23 18:47:17,730 test_z_audit.py[line:33] INFO ************************* 客户审核-通过 **************************
2019-05-23 18:47:17,730 public.py[line:22] INFO --------------------------------------> open_wechat_ccloud |
2019-05-23 18:47:31,368 audit.py[line:58] WARNING *********************** 客户审核列表为空 ***********************
2019-05-23 18:47:31,368 myunit.py[line:20] INFO ************************** 用例执行完毕 **************************

2019-05-23 18:47:46,321 test_z_audit.py[line:40] INFO ************************* 客户审核-拒绝 **************************
2019-05-23 18:47:46,321 public.py[line:22] INFO --------------------------------------> open_wechat_ccloud |
2019-05-23 18:48:00,551 audit.py[line:58] WARNING *********************** 客户审核列表为空 ***********************
2019-05-23 18:48:00,551 myunit.py[line:20] INFO ************************** 用例执行完毕 **************************

2019-05-23 18:48:15,219 test_z_audit.py[line:19] INFO ************************* 订单审核-通过 **************************
2019-05-23 18:48:15,219 public.py[line:22] INFO --------------------------------------> open_wechat_ccloud |
2019-05-23 18:48:27,811 audit.py[line:20] INFO ----------------------------------------------> audit_pass |
2019-05-23 18:48:33,495 myunit.py[line:20] INFO ************************** 用例执行完毕 **************************

2019-05-23 18:48:48,320 test_z_audit.py[line:26] INFO ************************* 订单审核-拒绝 **************************
2019-05-23 18:48:48,321 public.py[line:22] INFO --------------------------------------> open_wechat_ccloud |
2019-05-23 18:49:00,801 audit.py[line:42] INFO --------------------------------------------> audit_refuse |
2019-05-23 18:49:07,891 myunit.py[line:20] INFO ************************** 用例执行完毕 **************************

2019-05-23 18:49:22,645 test_z_audit.py[line:47] INFO ************************* 拜访审核-通过 **************************
2019-05-23 18:49:22,645 public.py[line:22] INFO --------------------------------------> open_wechat_ccloud |
2019-05-23 18:49:34,847 audit.py[line:20] INFO ----------------------------------------------> audit_pass |
2019-05-23 18:49:39,191 myunit.py[line:20] INFO ************************** 用例执行完毕 **************************

2019-05-23 18:49:54,238 test_z_audit.py[line:54] INFO ************************* 拜访审核-拒绝 **************************
2019-05-23 18:49:54,238 public.py[line:22] INFO --------------------------------------> open_wechat_ccloud |
2019-05-23 18:50:11,631 audit.py[line:83] INFO --------------------------------------------> audit_refuse |
2019-05-23 18:50:16,977 myunit.py[line:20] INFO ************************** 用例执行完毕 **************************

2019-05-23 18:50:31,823 test_z_output.py[line:19] INFO *************************** 单笔出库 ***************************
2019-05-23 18:50:31,823 public.py[line:22] INFO --------------------------------------> open_wechat_ccloud |
2019-05-23 18:50:42,250 public.py[line:80] INFO ---------------------------------------> enter_user_center |
2019-05-23 18:50:43,173 output.py[line:19] INFO --------------------------------------------> enter_output |
2019-05-23 18:50:44,216 output.py[line:50] INFO -------------------------------------------> single_output |
2019-05-23 18:50:44,216 output.py[line:24] INFO --------------------------------------------> filter_order |
2019-05-23 18:50:48,042 public.py[line:66] INFO ----------------------------------------> return_home_page |
2019-05-23 18:50:54,568 myunit.py[line:20] INFO ************************** 用例执行完毕 **************************

2019-05-23 18:51:09,515 test_z_output.py[line:29] INFO *************************** 批量出库 ***************************
2019-05-23 18:51:09,515 public.py[line:22] INFO --------------------------------------> open_wechat_ccloud |
2019-05-23 18:51:19,907 public.py[line:80] INFO ---------------------------------------> enter_user_center |
2019-05-23 18:51:20,825 output.py[line:19] INFO --------------------------------------------> enter_output |
2019-05-23 18:51:21,809 output.py[line:64] INFO ------------------------------------------> batch_outbound |
2019-05-23 18:51:21,809 output.py[line:24] INFO --------------------------------------------> filter_order |
2019-05-23 18:51:30,304 public.py[line:66] INFO ----------------------------------------> return_home_page |
2019-05-23 18:51:36,780 myunit.py[line:20] INFO ************************** 用例执行完毕 **************************

2019-05-23 18:51:43,470 mail.py[line:172] INFO Send succeed!!
2019-05-28 19:26:42,122 test_activity.py[line:29] INFO ************************** 消费培育活动 **************************
2019-05-28 19:26:42,129 public.py[line:22] INFO --------------------------------------> open_wechat_ccloud |
2019-05-28 19:27:00,070 public.py[line:80] INFO ---------------------------------------> enter_user_center |
2019-05-28 19:27:00,967 activity.py[line:123] INFO ------------------------------------> choose_activity_type |
2019-05-28 19:27:06,313 activity.py[line:146] INFO --------------------------------------> cultivate_activity |
2019-05-28 19:27:06,313 activity.py[line:20] INFO -----------------------------------------> choose_activity |
2019-05-28 19:27:09,046 activity.py[line:30] INFO ------------------------------------------> choose_expense |
2019-05-28 19:27:13,375 activity.py[line:40] INFO ---------------------------------------------> present_num |
2019-05-28 19:27:16,394 activity.py[line:60] INFO -------------------------------------------> present_money |
2019-05-28 19:27:19,500 public.py[line:121] INFO ----------------------------------------------> take_photo |
2019-05-28 19:27:51,124 activity.py[line:84] INFO --------------------------------------> submit_and_confirm |
2019-05-28 19:27:56,230 myunit.py[line:20] INFO ************************** 用例执行完毕 **************************

2019-05-28 19:28:12,383 test_activity.py[line:61] INFO ************************ 消费培育活动-补录 *************************
2019-05-28 19:28:12,384 public.py[line:22] INFO --------------------------------------> open_wechat_ccloud |
2019-05-28 19:28:22,814 public.py[line:80] INFO ---------------------------------------> enter_user_center |
2019-05-28 19:28:23,652 activity.py[line:133] INFO -------------------------> choose_activity_supplement_type |
2019-05-28 19:28:26,766 activity.py[line:206] INFO ---------------------------> cultivate_activity_supplement |
2019-05-28 19:28:26,766 activity.py[line:20] INFO -----------------------------------------> choose_activity |
2019-05-28 19:28:29,509 activity.py[line:30] INFO ------------------------------------------> choose_expense |
2019-05-28 19:28:32,756 activity.py[line:40] INFO ---------------------------------------------> present_num |
2019-05-28 19:28:35,503 activity.py[line:60] INFO -------------------------------------------> present_money |
2019-05-28 19:28:38,338 public.py[line:141] INFO --------------------------------------------> upload_photo |
2019-05-28 19:28:59,665 activity.py[line:84] INFO --------------------------------------> submit_and_confirm |
2019-05-28 19:29:06,831 myunit.py[line:20] INFO ************************** 用例执行完毕 **************************

2019-05-28 19:29:22,303 test_activity.py[line:51] INFO ************************** 宴席推广活动 **************************
2019-05-28 19:29:22,303 public.py[line:22] INFO --------------------------------------> open_wechat_ccloud |
2019-05-28 19:29:32,640 public.py[line:80] INFO ---------------------------------------> enter_user_center |
2019-05-28 19:29:33,599 activity.py[line:123] INFO ------------------------------------> choose_activity_type |
2019-05-28 19:29:38,887 activity.py[line:181] INFO ------------------------------------------> feast_activity |
2019-05-28 19:29:41,102 activity.py[line:20] INFO -----------------------------------------> choose_activity |
2019-05-28 19:29:43,754 activity.py[line:30] INFO ------------------------------------------> choose_expense |
2019-05-28 19:29:47,091 activity.py[line:40] INFO ---------------------------------------------> present_num |
2019-05-28 19:29:49,862 activity.py[line:60] INFO -------------------------------------------> present_money |
2019-05-28 19:29:52,293 public.py[line:121] INFO ----------------------------------------------> take_photo |
2019-05-28 19:30:32,113 activity.py[line:84] INFO --------------------------------------> submit_and_confirm |
2019-05-28 19:30:37,195 myunit.py[line:20] INFO ************************** 用例执行完毕 **************************

2019-05-28 19:30:52,759 test_activity.py[line:79] INFO ************************ 宴席推广活动-补录 *************************
2019-05-28 19:30:52,759 public.py[line:22] INFO --------------------------------------> open_wechat_ccloud |
2019-05-28 19:31:03,029 public.py[line:80] INFO ---------------------------------------> enter_user_center |
2019-05-28 19:31:03,855 activity.py[line:133] INFO -------------------------> choose_activity_supplement_type |
2019-05-28 19:31:06,933 activity.py[line:242] INFO -------------------------------> feast_activity_supplement |
2019-05-28 19:31:09,021 activity.py[line:20] INFO -----------------------------------------> choose_activity |
2019-05-28 19:31:11,643 activity.py[line:30] INFO ------------------------------------------> choose_expense |
2019-05-28 19:31:15,121 activity.py[line:40] INFO ---------------------------------------------> present_num |
2019-05-28 19:31:17,865 activity.py[line:60] INFO -------------------------------------------> present_money |
2019-05-28 19:31:20,641 public.py[line:141] INFO --------------------------------------------> upload_photo |
2019-05-28 19:31:51,008 activity.py[line:84] INFO --------------------------------------> submit_and_confirm |
2019-05-28 19:31:58,168 myunit.py[line:20] INFO ************************** 用例执行完毕 **************************

2019-05-28 19:32:13,725 test_activity.py[line:40] INFO ************************** 团购直销活动 **************************
2019-05-28 19:32:13,725 public.py[line:22] INFO --------------------------------------> open_wechat_ccloud |
2019-05-28 19:32:24,086 public.py[line:80] INFO ---------------------------------------> enter_user_center |
2019-05-28 19:32:24,917 activity.py[line:123] INFO ------------------------------------> choose_activity_type |
2019-05-28 19:32:30,262 activity.py[line:164] INFO ----------------------------------------> groupon_activity |
2019-05-28 19:32:30,262 activity.py[line:20] INFO -----------------------------------------> choose_activity |
2019-05-28 19:32:32,898 activity.py[line:30] INFO ------------------------------------------> choose_expense |
2019-05-28 19:32:35,995 activity.py[line:40] INFO ---------------------------------------------> present_num |
2019-05-28 19:32:38,735 activity.py[line:60] INFO -------------------------------------------> present_money |
2019-05-28 19:32:41,580 public.py[line:121] INFO ----------------------------------------------> take_photo |
2019-05-28 19:33:13,508 activity.py[line:84] INFO --------------------------------------> submit_and_confirm |
2019-05-28 19:33:18,619 myunit.py[line:20] INFO ************************** 用例执行完毕 **************************

2019-05-28 19:33:34,380 test_activity.py[line:70] INFO ************************ 团购直销活动-补录 *************************
2019-05-28 19:33:34,380 public.py[line:22] INFO --------------------------------------> open_wechat_ccloud |
2019-05-28 19:33:44,525 public.py[line:80] INFO ---------------------------------------> enter_user_center |
2019-05-28 19:33:45,364 activity.py[line:133] INFO -------------------------> choose_activity_supplement_type |
2019-05-28 19:33:48,454 activity.py[line:224] INFO -----------------------------> groupon_activity_supplement |
2019-05-28 19:33:48,454 activity.py[line:20] INFO -----------------------------------------> choose_activity |
2019-05-28 19:33:51,113 activity.py[line:30] INFO ------------------------------------------> choose_expense |
2019-05-28 19:33:54,290 activity.py[line:40] INFO ---------------------------------------------> present_num |
2019-05-28 19:33:57,029 activity.py[line:60] INFO -------------------------------------------> present_money |
2019-05-28 19:33:59,809 public.py[line:141] INFO --------------------------------------------> upload_photo |
2019-05-28 19:34:19,721 activity.py[line:84] INFO --------------------------------------> submit_and_confirm |
2019-05-28 19:34:26,856 myunit.py[line:20] INFO ************************** 用例执行完毕 **************************

2019-05-28 19:34:42,308 test_activity.py[line:19] INFO ************************** 活动快捷执行 **************************
2019-05-28 19:34:42,308 public.py[line:22] INFO --------------------------------------> open_wechat_ccloud |
2019-05-28 19:34:52,646 public.py[line:88] INFO ------------------------------------> enter_customer_visit |
2019-05-28 19:35:04,802 activity.py[line:20] INFO -----------------------------------------> choose_activity |
2019-05-28 19:35:07,710 activity.py[line:30] INFO ------------------------------------------> choose_expense |
2019-05-28 19:35:10,083 activity.py[line:40] INFO ---------------------------------------------> present_num |
2019-05-28 19:35:13,576 activity.py[line:60] INFO -------------------------------------------> present_money |
2019-05-28 19:35:16,028 public.py[line:121] INFO ----------------------------------------------> take_photo |
2019-05-28 19:35:56,620 activity.py[line:84] INFO --------------------------------------> submit_and_confirm |
2019-05-28 19:36:02,690 myunit.py[line:20] INFO ************************** 用例执行完毕 **************************

2019-05-28 19:36:18,445 test_customer.py[line:19] INFO ************************* 新增客户-带照片 *************************
2019-05-28 19:36:18,445 public.py[line:22] INFO --------------------------------------> open_wechat_ccloud |
2019-05-28 19:36:28,548 customer.py[line:20] INFO --------------------------------------------> new_customer |
2019-05-28 19:36:46,311 public.py[line:66] INFO ----------------------------------------> return_home_page |
2019-05-28 19:36:50,759 myunit.py[line:20] INFO ************************** 用例执行完毕 **************************

2019-05-28 19:37:06,358 test_customer.py[line:28] INFO ************************ 新增客户-不带照片 *************************
2019-05-28 19:37:06,358 public.py[line:22] INFO --------------------------------------> open_wechat_ccloud |
2019-05-28 19:37:16,412 customer.py[line:20] INFO --------------------------------------------> new_customer |
2019-05-28 19:37:26,982 public.py[line:66] INFO ----------------------------------------> return_home_page |
2019-05-28 19:37:31,171 myunit.py[line:20] INFO ************************** 用例执行完毕 **************************

2019-05-28 19:37:45,768 test_customer.py[line:37] INFO *************************** 常规拜访 ***************************
2019-05-28 19:37:45,769 public.py[line:22] INFO --------------------------------------> open_wechat_ccloud |
2019-05-28 19:38:01,737 public.py[line:88] INFO ------------------------------------> enter_customer_visit |
2019-05-28 19:38:11,012 customer.py[line:75] INFO ------------------------------------------> customer_visit |
2019-05-28 19:38:12,873 public.py[line:121] INFO ----------------------------------------------> take_photo |
2019-05-28 19:38:57,837 public.py[line:66] INFO ----------------------------------------> return_home_page |
2019-05-28 19:39:04,880 myunit.py[line:20] INFO ************************** 用例执行完毕 **************************

2019-05-28 19:39:20,678 test_customer.py[line:46] INFO ************************* 常规拜访-补录 **************************
2019-05-28 19:39:20,678 public.py[line:22] INFO --------------------------------------> open_wechat_ccloud |
2019-05-28 19:39:30,896 public.py[line:88] INFO ------------------------------------> enter_customer_visit |
2019-05-28 19:39:41,397 customer.py[line:89] INFO --------------------------------> customer_visit_replenish |
2019-05-28 19:39:43,246 public.py[line:141] INFO --------------------------------------------> upload_photo |
2019-05-28 19:39:57,487 public.py[line:66] INFO ----------------------------------------> return_home_page |
2019-05-28 19:40:04,514 myunit.py[line:20] INFO ************************** 用例执行完毕 **************************

2019-05-28 19:40:19,961 test_order.py[line:19] INFO ******************** 添加商品 ********************
2019-05-28 19:40:19,961 public.py[line:22] INFO --------------------------------------> open_wechat_ccloud |
2019-05-28 19:40:30,253 order.py[line:19] INFO --------------------------------------> enter_normal_order |
2019-05-28 19:40:31,554 order.py[line:33] INFO ---------------------------------------------> add_product |
2019-05-28 19:40:42,488 myunit.py[line:20] INFO ************************** 用例执行完毕 **************************

2019-05-28 19:40:56,830 test_order.py[line:27] INFO ******************** 清空购物车 ********************
2019-05-28 19:40:56,830 public.py[line:22] INFO --------------------------------------> open_wechat_ccloud |
2019-05-28 19:41:06,924 order.py[line:19] INFO --------------------------------------> enter_normal_order |
2019-05-28 19:41:08,298 order.py[line:55] INFO ----------------------------------------------> empty_cart |
2019-05-28 19:41:13,284 order.py[line:33] INFO ---------------------------------------------> add_product |
2019-05-28 19:41:24,644 order.py[line:55] INFO ----------------------------------------------> empty_cart |
2019-05-28 19:41:30,543 myunit.py[line:20] INFO ************************** 用例执行完毕 **************************

2019-05-28 19:41:46,071 test_order.py[line:90] INFO ********************** 聚合订单-赠品单-单一商品 ***********************
2019-05-28 19:41:46,071 public.py[line:22] INFO --------------------------------------> open_wechat_ccloud |
2019-05-28 19:41:56,292 public.py[line:88] INFO ------------------------------------> enter_customer_visit |
2019-05-28 19:42:05,744 order.py[line:117] INFO --------------------------------------> enter_mashup_order |
2019-05-28 19:42:07,446 order.py[line:33] INFO ---------------------------------------------> add_product |
2019-05-28 19:42:12,899 order.py[line:124] INFO --------------------------------------------> mashup_order |
2019-05-28 19:42:13,399 order.py[line:71] INFO ------------------------------------------------> add_gift |
2019-05-28 19:42:20,332 myunit.py[line:20] INFO ************************** 用例执行完毕 **************************

2019-05-28 19:42:35,961 test_order.py[line:80] INFO ************************ 聚合订单-单一商品 *************************
2019-05-28 19:42:35,961 public.py[line:22] INFO --------------------------------------> open_wechat_ccloud |
2019-05-28 19:42:52,098 public.py[line:88] INFO ------------------------------------> enter_customer_visit |
2019-05-28 19:43:01,506 order.py[line:117] INFO --------------------------------------> enter_mashup_order |
2019-05-28 19:43:03,136 order.py[line:33] INFO ---------------------------------------------> add_product |
2019-05-28 19:43:09,405 order.py[line:124] INFO --------------------------------------------> mashup_order |
2019-05-28 19:43:16,114 myunit.py[line:20] INFO ************************** 用例执行完毕 **************************

2019-05-28 19:43:31,825 test_order.py[line:110] INFO ********************** 聚合订单-多种商品-含赠品 ***********************
2019-05-28 19:43:31,825 public.py[line:22] INFO --------------------------------------> open_wechat_ccloud |
2019-05-28 19:43:41,911 public.py[line:88] INFO ------------------------------------> enter_customer_visit |
2019-05-28 19:43:52,568 order.py[line:117] INFO --------------------------------------> enter_mashup_order |
2019-05-28 19:43:54,200 order.py[line:33] INFO ---------------------------------------------> add_product |
2019-05-28 19:44:08,399 order.py[line:124] INFO --------------------------------------------> mashup_order |
2019-05-28 19:44:08,900 order.py[line:71] INFO ------------------------------------------------> add_gift |
2019-05-28 19:44:16,156 myunit.py[line:20] INFO ************************** 用例执行完毕 **************************

2019-05-28 19:44:31,675 test_order.py[line:100] INFO ************************ 聚合订单-多种商品 *************************
2019-05-28 19:44:31,675 public.py[line:22] INFO --------------------------------------> open_wechat_ccloud |
2019-05-28 19:44:41,797 public.py[line:88] INFO ------------------------------------> enter_customer_visit |
2019-05-28 19:44:51,179 order.py[line:117] INFO --------------------------------------> enter_mashup_order |
2019-05-28 19:44:52,873 order.py[line:33] INFO ---------------------------------------------> add_product |
2019-05-28 19:45:07,079 order.py[line:124] INFO --------------------------------------------> mashup_order |
2019-05-28 19:45:14,025 myunit.py[line:20] INFO ************************** 用例执行完毕 **************************

2019-05-28 19:45:29,588 test_order.py[line:48] INFO ********************** 普通订单-赠品单-单一商品 ***********************
2019-05-28 19:45:29,588 public.py[line:22] INFO --------------------------------------> open_wechat_ccloud |
2019-05-28 19:45:39,755 order.py[line:19] INFO --------------------------------------> enter_normal_order |
2019-05-28 19:45:41,072 order.py[line:33] INFO ---------------------------------------------> add_product |
2019-05-28 19:45:45,985 order.py[line:85] INFO ---------------------------------------------> place_order |
2019-05-28 19:45:46,486 order.py[line:71] INFO ------------------------------------------------> add_gift |
2019-05-28 19:45:58,519 myunit.py[line:20] INFO ************************** 用例执行完毕 **************************

2019-05-28 19:46:14,189 test_order.py[line:37] INFO ************************ 普通订单-单一商品 *************************
2019-05-28 19:46:14,189 public.py[line:22] INFO --------------------------------------> open_wechat_ccloud |
2019-05-28 19:46:24,365 order.py[line:19] INFO --------------------------------------> enter_normal_order |
2019-05-28 19:46:25,723 order.py[line:33] INFO ---------------------------------------------> add_product |
2019-05-28 19:46:30,519 order.py[line:85] INFO ---------------------------------------------> place_order |
2019-05-28 19:46:39,916 myunit.py[line:20] INFO ************************** 用例执行完毕 **************************

2019-05-28 19:46:54,379 test_order.py[line:70] INFO ********************** 普通订单-多种商品-含赠品 ***********************
2019-05-28 19:46:54,379 public.py[line:22] INFO --------------------------------------> open_wechat_ccloud |
2019-05-28 19:47:04,407 order.py[line:19] INFO --------------------------------------> enter_normal_order |
2019-05-28 19:47:05,703 order.py[line:33] INFO ---------------------------------------------> add_product |
2019-05-28 19:47:16,677 order.py[line:85] INFO ---------------------------------------------> place_order |
2019-05-28 19:47:17,178 order.py[line:71] INFO ------------------------------------------------> add_gift |
2019-05-28 19:47:30,666 myunit.py[line:20] INFO ************************** 用例执行完毕 **************************

2019-05-28 19:47:46,315 test_order.py[line:59] INFO ************************ 普通订单-多种商品 *************************
2019-05-28 19:47:46,315 public.py[line:22] INFO --------------------------------------> open_wechat_ccloud |
2019-05-28 19:47:56,490 order.py[line:19] INFO --------------------------------------> enter_normal_order |
2019-05-28 19:47:57,829 order.py[line:33] INFO ---------------------------------------------> add_product |
2019-05-28 19:48:09,167 order.py[line:85] INFO ---------------------------------------------> place_order |
2019-05-28 19:48:20,578 myunit.py[line:20] INFO ************************** 用例执行完毕 **************************

2019-05-28 19:48:36,241 test_refund.py[line:29] INFO *************************** 自由退货 ***************************
2019-05-28 19:48:36,241 public.py[line:22] INFO --------------------------------------> open_wechat_ccloud |
2019-05-28 19:48:46,592 public.py[line:80] INFO ---------------------------------------> enter_user_center |
2019-05-28 19:48:48,290 refund.py[line:70] INFO ---------------------------------------------> free_refund |
2019-05-28 19:48:49,322 refund.py[line:28] INFO ---------------------------------------------> add_product |
2019-05-28 19:49:05,786 myunit.py[line:20] INFO ************************** 用例执行完毕 **************************

2019-05-28 19:49:21,303 test_refund.py[line:19] INFO *************************** 订单退货 ***************************
2019-05-28 19:49:21,303 public.py[line:22] INFO --------------------------------------> open_wechat_ccloud |
2019-05-28 19:49:31,514 public.py[line:80] INFO ---------------------------------------> enter_user_center |
2019-05-28 19:49:33,218 refund.py[line:48] INFO --------------------------------------------> order_refund |
2019-05-28 19:49:46,551 myunit.py[line:20] INFO ************************** 用例执行完毕 **************************

2019-05-28 19:50:01,095 test_z_audit.py[line:61] INFO ************************* 活动审核-通过 **************************
2019-05-28 19:50:01,095 public.py[line:22] INFO --------------------------------------> open_wechat_ccloud |
2019-05-28 19:50:14,787 audit.py[line:100] WARNING *********************** 活动审核列表为空 ***********************
2019-05-28 19:50:14,787 myunit.py[line:20] INFO ************************** 用例执行完毕 **************************

2019-05-28 19:50:29,314 test_z_audit.py[line:68] INFO ************************* 活动审核-拒绝 **************************
2019-05-28 19:50:29,314 public.py[line:22] INFO --------------------------------------> open_wechat_ccloud |
2019-05-28 19:50:48,367 audit.py[line:100] WARNING *********************** 活动审核列表为空 ***********************
2019-05-28 19:50:48,367 myunit.py[line:20] INFO ************************** 用例执行完毕 **************************

2019-05-28 19:51:02,719 test_z_audit.py[line:33] INFO ************************* 客户审核-通过 **************************
2019-05-28 19:51:02,719 public.py[line:22] INFO --------------------------------------> open_wechat_ccloud |
2019-05-28 19:51:16,328 audit.py[line:58] WARNING *********************** 客户审核列表为空 ***********************
2019-05-28 19:51:16,328 myunit.py[line:20] INFO ************************** 用例执行完毕 **************************

2019-05-28 19:51:30,734 test_z_audit.py[line:40] INFO ************************* 客户审核-拒绝 **************************
2019-05-28 19:51:30,734 public.py[line:22] INFO --------------------------------------> open_wechat_ccloud |
2019-05-28 19:51:44,468 audit.py[line:58] WARNING *********************** 客户审核列表为空 ***********************
2019-05-28 19:51:44,468 myunit.py[line:20] INFO ************************** 用例执行完毕 **************************

2019-05-28 19:51:58,928 test_z_audit.py[line:19] INFO ************************* 订单审核-通过 **************************
2019-05-28 19:51:58,929 public.py[line:22] INFO --------------------------------------> open_wechat_ccloud |
2019-05-28 19:52:12,282 audit.py[line:20] INFO ----------------------------------------------> audit_pass |
2019-05-28 19:52:18,006 myunit.py[line:20] INFO ************************** 用例执行完毕 **************************

2019-05-28 19:52:32,609 test_z_audit.py[line:26] INFO ************************* 订单审核-拒绝 **************************
2019-05-28 19:52:32,610 public.py[line:22] INFO --------------------------------------> open_wechat_ccloud |
2019-05-28 19:52:45,046 audit.py[line:42] INFO --------------------------------------------> audit_refuse |
2019-05-28 19:52:52,230 myunit.py[line:20] INFO ************************** 用例执行完毕 **************************

2019-05-28 19:53:06,799 test_z_audit.py[line:47] INFO ************************* 拜访审核-通过 **************************
2019-05-28 19:53:06,799 public.py[line:22] INFO --------------------------------------> open_wechat_ccloud |
2019-05-28 19:53:24,751 audit.py[line:20] INFO ----------------------------------------------> audit_pass |
2019-05-28 19:53:29,017 myunit.py[line:20] INFO ************************** 用例执行完毕 **************************

2019-05-28 19:53:43,392 test_z_audit.py[line:54] INFO ************************* 拜访审核-拒绝 **************************
2019-05-28 19:53:43,393 public.py[line:22] INFO --------------------------------------> open_wechat_ccloud |
2019-05-28 19:53:55,097 audit.py[line:83] INFO --------------------------------------------> audit_refuse |
2019-05-28 19:54:00,381 myunit.py[line:20] INFO ************************** 用例执行完毕 **************************

2019-05-28 19:54:14,934 test_z_output.py[line:19] INFO *************************** 单笔出库 ***************************
2019-05-28 19:54:14,934 public.py[line:22] INFO --------------------------------------> open_wechat_ccloud |
2019-05-28 19:54:25,129 public.py[line:80] INFO ---------------------------------------> enter_user_center |
2019-05-28 19:54:26,044 output.py[line:19] INFO --------------------------------------------> enter_output |
2019-05-28 19:54:26,984 output.py[line:50] INFO -------------------------------------------> single_output |
2019-05-28 19:54:26,984 output.py[line:24] INFO --------------------------------------------> filter_order |
2019-05-28 19:54:30,710 public.py[line:66] INFO ----------------------------------------> return_home_page |
2019-05-28 19:54:37,216 myunit.py[line:20] INFO ************************** 用例执行完毕 **************************

2019-05-28 19:54:51,643 test_z_output.py[line:29] INFO *************************** 批量出库 ***************************
2019-05-28 19:54:51,643 public.py[line:22] INFO --------------------------------------> open_wechat_ccloud |
2019-05-28 19:55:01,728 public.py[line:80] INFO ---------------------------------------> enter_user_center |
2019-05-28 19:55:02,683 output.py[line:19] INFO --------------------------------------------> enter_output |
2019-05-28 19:55:03,641 output.py[line:64] INFO ------------------------------------------> batch_outbound |
2019-05-28 19:55:03,641 output.py[line:24] INFO --------------------------------------------> filter_order |
2019-05-28 19:55:11,923 public.py[line:66] INFO ----------------------------------------> return_home_page |
2019-05-28 19:55:18,450 myunit.py[line:20] INFO ************************** 用例执行完毕 **************************

2019-05-28 19:55:24,977 mail.py[line:172] INFO Send succeed!!
